2021-10-07 13:41:11.4775||INFO|Microsoft.Hosting.Lifetime|Application started. Press Ctrl+C to shut down. |url: |action: 
2021-10-07 13:41:11.5104||INFO|Microsoft.Hosting.Lifetime|Hosting environment: Development |url: |action: 
2021-10-07 13:41:11.5104||INFO|Microsoft.Hosting.Lifetime|Content root path: D:\git\Kroger\STTechExcercise\STTechExcercise |url: |action: 
2021-10-07 13:44:07.0935|1|ERROR|Microsoft.AspNetCore.Diagnostics.DeveloperExceptionPageMiddleware|An unhandled exception has occurred while executing the request. System.InvalidOperationException: Unable to resolve service for type 'STTechExcercise.Services.ProjectReimbursementService' while attempting to activate 'STTechExcercise.Controllers.ReimbursementController'.
   at Microsoft.Extensions.DependencyInjection.ActivatorUtilities.GetService(IServiceProvider sp, Type type, Type requiredBy, Boolean isDefaultParameterRequired)
   at lambda_method(Closure , IServiceProvider , Object[] )
   at Microsoft.AspNetCore.Mvc.Controllers.ControllerActivatorProvider.<>c__DisplayClass4_0.<CreateActivator>b__0(ControllerContext controllerContext)
   at Microsoft.AspNetCore.Mvc.Controllers.ControllerFactoryProvider.<>c__DisplayClass5_0.<CreateControllerFactory>g__CreateController|0(ControllerContext controllerContext)
   at Microsoft.AspNetCore.Mvc.Infrastructure.ControllerActionInvoker.Next(State& next, Scope& scope, Object& state, Boolean& isCompleted)
   at Microsoft.AspNetCore.Mvc.Infrastructure.ControllerActionInvoker.InvokeInnerFilterAsync()
--- End of stack trace from previous location where exception was thrown ---
   at Microsoft.AspNetCore.Mvc.Infrastructure.ResourceInvoker.<InvokeFilterPipelineAsync>g__Awaited|19_0(ResourceInvoker invoker, Task lastTask, State next, Scope scope, Object state, Boolean isCompleted)
   at Microsoft.AspNetCore.Mvc.Infrastructure.ResourceInvoker.<InvokeAsync>g__Awaited|17_0(ResourceInvoker invoker, Task task, IDisposable scope)
   at Microsoft.AspNetCore.Routing.EndpointMiddleware.<Invoke>g__AwaitRequestTask|6_0(Endpoint endpoint, Task requestTask, ILogger logger)
   at Microsoft.AspNetCore.Authorization.AuthorizationMiddleware.Invoke(HttpContext context)
   at Swashbuckle.AspNetCore.SwaggerUI.SwaggerUIMiddleware.Invoke(HttpContext httpContext)
   at Swashbuckle.AspNetCore.Swagger.SwaggerMiddleware.Invoke(HttpContext httpContext, ISwaggerProvider swaggerProvider)
   at Microsoft.AspNetCore.Diagnostics.DeveloperExceptionPageMiddleware.Invoke(HttpContext context)|url: https://localhost/api/Reimbursement|action: GetReimbursment
2021-10-07 13:46:10.0685|1|ERROR|Microsoft.AspNetCore.Diagnostics.DeveloperExceptionPageMiddleware|An unhandled exception has occurred while executing the request. System.InvalidOperationException: Unable to resolve service for type 'STTechExcercise.Services.ProjectReimbursementService' while attempting to activate 'STTechExcercise.Controllers.ReimbursementController'.
   at Microsoft.Extensions.DependencyInjection.ActivatorUtilities.GetService(IServiceProvider sp, Type type, Type requiredBy, Boolean isDefaultParameterRequired)
   at lambda_method(Closure , IServiceProvider , Object[] )
   at Microsoft.AspNetCore.Mvc.Controllers.ControllerActivatorProvider.<>c__DisplayClass4_0.<CreateActivator>b__0(ControllerContext controllerContext)
   at Microsoft.AspNetCore.Mvc.Controllers.ControllerFactoryProvider.<>c__DisplayClass5_0.<CreateControllerFactory>g__CreateController|0(ControllerContext controllerContext)
   at Microsoft.AspNetCore.Mvc.Infrastructure.ControllerActionInvoker.Next(State& next, Scope& scope, Object& state, Boolean& isCompleted)
   at Microsoft.AspNetCore.Mvc.Infrastructure.ControllerActionInvoker.InvokeInnerFilterAsync()
--- End of stack trace from previous location where exception was thrown ---
   at Microsoft.AspNetCore.Mvc.Infrastructure.ResourceInvoker.<InvokeFilterPipelineAsync>g__Awaited|19_0(ResourceInvoker invoker, Task lastTask, State next, Scope scope, Object state, Boolean isCompleted)
   at Microsoft.AspNetCore.Mvc.Infrastructure.ResourceInvoker.<InvokeAsync>g__Awaited|17_0(ResourceInvoker invoker, Task task, IDisposable scope)
   at Microsoft.AspNetCore.Routing.EndpointMiddleware.<Invoke>g__AwaitRequestTask|6_0(Endpoint endpoint, Task requestTask, ILogger logger)
   at Microsoft.AspNetCore.Authorization.AuthorizationMiddleware.Invoke(HttpContext context)
   at Swashbuckle.AspNetCore.SwaggerUI.SwaggerUIMiddleware.Invoke(HttpContext httpContext)
   at Swashbuckle.AspNetCore.Swagger.SwaggerMiddleware.Invoke(HttpContext httpContext, ISwaggerProvider swaggerProvider)
   at Microsoft.AspNetCore.Diagnostics.DeveloperExceptionPageMiddleware.Invoke(HttpContext context)|url: https://localhost/api/Reimbursement|action: GetReimbursment
2021-10-07 14:53:41.0043||INFO|Microsoft.Hosting.Lifetime|Application started. Press Ctrl+C to shut down. |url: |action: 
2021-10-07 14:53:41.0208||INFO|Microsoft.Hosting.Lifetime|Hosting environment: Development |url: |action: 
2021-10-07 14:53:41.0337||INFO|Microsoft.Hosting.Lifetime|Content root path: D:\git\Kroger\STTechExcercise\STTechExcercise |url: |action: 
2021-10-07 14:53:59.0597|1|ERROR|Microsoft.AspNetCore.Diagnostics.DeveloperExceptionPageMiddleware|An unhandled exception has occurred while executing the request. System.InvalidOperationException: Unable to resolve service for type 'STTechExcercise.Services.ProjectReimbursementService' while attempting to activate 'STTechExcercise.Controllers.ReimbursementController'.
   at Microsoft.Extensions.DependencyInjection.ActivatorUtilities.GetService(IServiceProvider sp, Type type, Type requiredBy, Boolean isDefaultParameterRequired)
   at lambda_method(Closure , IServiceProvider , Object[] )
   at Microsoft.AspNetCore.Mvc.Controllers.ControllerActivatorProvider.<>c__DisplayClass4_0.<CreateActivator>b__0(ControllerContext controllerContext)
   at Microsoft.AspNetCore.Mvc.Controllers.ControllerFactoryProvider.<>c__DisplayClass5_0.<CreateControllerFactory>g__CreateController|0(ControllerContext controllerContext)
   at Microsoft.AspNetCore.Mvc.Infrastructure.ControllerActionInvoker.Next(State& next, Scope& scope, Object& state, Boolean& isCompleted)
   at Microsoft.AspNetCore.Mvc.Infrastructure.ControllerActionInvoker.InvokeInnerFilterAsync()
--- End of stack trace from previous location where exception was thrown ---
   at Microsoft.AspNetCore.Mvc.Infrastructure.ResourceInvoker.<InvokeFilterPipelineAsync>g__Awaited|19_0(ResourceInvoker invoker, Task lastTask, State next, Scope scope, Object state, Boolean isCompleted)
   at Microsoft.AspNetCore.Mvc.Infrastructure.ResourceInvoker.<InvokeAsync>g__Awaited|17_0(ResourceInvoker invoker, Task task, IDisposable scope)
   at Microsoft.AspNetCore.Routing.EndpointMiddleware.<Invoke>g__AwaitRequestTask|6_0(Endpoint endpoint, Task requestTask, ILogger logger)
   at Microsoft.AspNetCore.Authorization.AuthorizationMiddleware.Invoke(HttpContext context)
   at Swashbuckle.AspNetCore.SwaggerUI.SwaggerUIMiddleware.Invoke(HttpContext httpContext)
   at Swashbuckle.AspNetCore.Swagger.SwaggerMiddleware.Invoke(HttpContext httpContext, ISwaggerProvider swaggerProvider)
   at Microsoft.AspNetCore.Diagnostics.DeveloperExceptionPageMiddleware.Invoke(HttpContext context)|url: https://localhost/api/Reimbursement|action: GetReimbursment
2021-10-07 14:54:42.9158||INFO|Microsoft.Hosting.Lifetime|Application started. Press Ctrl+C to shut down. |url: |action: 
2021-10-07 14:54:42.9410||INFO|Microsoft.Hosting.Lifetime|Hosting environment: Development |url: |action: 
2021-10-07 14:54:42.9554||INFO|Microsoft.Hosting.Lifetime|Content root path: D:\git\Kroger\STTechExcercise\STTechExcercise |url: |action: 
2021-10-07 14:54:55.1652|1|ERROR|Microsoft.AspNetCore.Diagnostics.DeveloperExceptionPageMiddleware|An unhandled exception has occurred while executing the request. System.InvalidOperationException: Unable to resolve service for type 'STTechExcercise.Services.ProjectReimbursementService' while attempting to activate 'STTechExcercise.Controllers.ReimbursementController'.
   at Microsoft.Extensions.DependencyInjection.ActivatorUtilities.GetService(IServiceProvider sp, Type type, Type requiredBy, Boolean isDefaultParameterRequired)
   at lambda_method(Closure , IServiceProvider , Object[] )
   at Microsoft.AspNetCore.Mvc.Controllers.ControllerActivatorProvider.<>c__DisplayClass4_0.<CreateActivator>b__0(ControllerContext controllerContext)
   at Microsoft.AspNetCore.Mvc.Controllers.ControllerFactoryProvider.<>c__DisplayClass5_0.<CreateControllerFactory>g__CreateController|0(ControllerContext controllerContext)
   at Microsoft.AspNetCore.Mvc.Infrastructure.ControllerActionInvoker.Next(State& next, Scope& scope, Object& state, Boolean& isCompleted)
   at Microsoft.AspNetCore.Mvc.Infrastructure.ControllerActionInvoker.InvokeInnerFilterAsync()
--- End of stack trace from previous location where exception was thrown ---
   at Microsoft.AspNetCore.Mvc.Infrastructure.ResourceInvoker.<InvokeFilterPipelineAsync>g__Awaited|19_0(ResourceInvoker invoker, Task lastTask, State next, Scope scope, Object state, Boolean isCompleted)
   at Microsoft.AspNetCore.Mvc.Infrastructure.ResourceInvoker.<InvokeAsync>g__Awaited|17_0(ResourceInvoker invoker, Task task, IDisposable scope)
   at Microsoft.AspNetCore.Routing.EndpointMiddleware.<Invoke>g__AwaitRequestTask|6_0(Endpoint endpoint, Task requestTask, ILogger logger)
   at Microsoft.AspNetCore.Authorization.AuthorizationMiddleware.Invoke(HttpContext context)
   at Swashbuckle.AspNetCore.SwaggerUI.SwaggerUIMiddleware.Invoke(HttpContext httpContext)
   at Swashbuckle.AspNetCore.Swagger.SwaggerMiddleware.Invoke(HttpContext httpContext, ISwaggerProvider swaggerProvider)
   at Microsoft.AspNetCore.Diagnostics.DeveloperExceptionPageMiddleware.Invoke(HttpContext context)|url: https://localhost/api/Reimbursement|action: GetReimbursment
2021-10-07 14:55:30.1266||INFO|Microsoft.Hosting.Lifetime|Application started. Press Ctrl+C to shut down. |url: |action: 
2021-10-07 14:55:30.1406||INFO|Microsoft.Hosting.Lifetime|Hosting environment: Development |url: |action: 
2021-10-07 14:55:30.1471||INFO|Microsoft.Hosting.Lifetime|Content root path: D:\git\Kroger\STTechExcercise\STTechExcercise |url: |action: 
2021-10-07 14:55:40.2445|1|ERROR|Microsoft.AspNetCore.Diagnostics.DeveloperExceptionPageMiddleware|An unhandled exception has occurred while executing the request. System.InvalidOperationException: Unable to resolve service for type 'STTechExcercise.Services.ProjectReimbursementService' while attempting to activate 'STTechExcercise.Controllers.ReimbursementController'.
   at Microsoft.Extensions.DependencyInjection.ActivatorUtilities.GetService(IServiceProvider sp, Type type, Type requiredBy, Boolean isDefaultParameterRequired)
   at lambda_method(Closure , IServiceProvider , Object[] )
   at Microsoft.AspNetCore.Mvc.Controllers.ControllerActivatorProvider.<>c__DisplayClass4_0.<CreateActivator>b__0(ControllerContext controllerContext)
   at Microsoft.AspNetCore.Mvc.Controllers.ControllerFactoryProvider.<>c__DisplayClass5_0.<CreateControllerFactory>g__CreateController|0(ControllerContext controllerContext)
   at Microsoft.AspNetCore.Mvc.Infrastructure.ControllerActionInvoker.Next(State& next, Scope& scope, Object& state, Boolean& isCompleted)
   at Microsoft.AspNetCore.Mvc.Infrastructure.ControllerActionInvoker.InvokeInnerFilterAsync()
--- End of stack trace from previous location where exception was thrown ---
   at Microsoft.AspNetCore.Mvc.Infrastructure.ResourceInvoker.<InvokeFilterPipelineAsync>g__Awaited|19_0(ResourceInvoker invoker, Task lastTask, State next, Scope scope, Object state, Boolean isCompleted)
   at Microsoft.AspNetCore.Mvc.Infrastructure.ResourceInvoker.<InvokeAsync>g__Awaited|17_0(ResourceInvoker invoker, Task task, IDisposable scope)
   at Microsoft.AspNetCore.Routing.EndpointMiddleware.<Invoke>g__AwaitRequestTask|6_0(Endpoint endpoint, Task requestTask, ILogger logger)
   at Microsoft.AspNetCore.Authorization.AuthorizationMiddleware.Invoke(HttpContext context)
   at Swashbuckle.AspNetCore.SwaggerUI.SwaggerUIMiddleware.Invoke(HttpContext httpContext)
   at Swashbuckle.AspNetCore.Swagger.SwaggerMiddleware.Invoke(HttpContext httpContext, ISwaggerProvider swaggerProvider)
   at Microsoft.AspNetCore.Diagnostics.DeveloperExceptionPageMiddleware.Invoke(HttpContext context)|url: https://localhost/api/Reimbursement|action: GetReimbursment
2021-10-07 14:57:52.4364||INFO|Microsoft.Hosting.Lifetime|Application started. Press Ctrl+C to shut down. |url: |action: 
2021-10-07 14:57:52.4501||INFO|Microsoft.Hosting.Lifetime|Hosting environment: Development |url: |action: 
2021-10-07 14:57:52.4501||INFO|Microsoft.Hosting.Lifetime|Content root path: D:\git\Kroger\STTechExcercise\STTechExcercise |url: |action: 
2021-10-07 14:58:03.2532|1|ERROR|Microsoft.AspNetCore.Diagnostics.DeveloperExceptionPageMiddleware|An unhandled exception has occurred while executing the request. System.InvalidOperationException: Unable to resolve service for type 'STTechExcercise.Services.ProjectReimbursementService' while attempting to activate 'STTechExcercise.Controllers.ReimbursementController'.
   at Microsoft.Extensions.DependencyInjection.ActivatorUtilities.GetService(IServiceProvider sp, Type type, Type requiredBy, Boolean isDefaultParameterRequired)
   at lambda_method(Closure , IServiceProvider , Object[] )
   at Microsoft.AspNetCore.Mvc.Controllers.ControllerActivatorProvider.<>c__DisplayClass4_0.<CreateActivator>b__0(ControllerContext controllerContext)
   at Microsoft.AspNetCore.Mvc.Controllers.ControllerFactoryProvider.<>c__DisplayClass5_0.<CreateControllerFactory>g__CreateController|0(ControllerContext controllerContext)
   at Microsoft.AspNetCore.Mvc.Infrastructure.ControllerActionInvoker.Next(State& next, Scope& scope, Object& state, Boolean& isCompleted)
   at Microsoft.AspNetCore.Mvc.Infrastructure.ControllerActionInvoker.InvokeInnerFilterAsync()
--- End of stack trace from previous location where exception was thrown ---
   at Microsoft.AspNetCore.Mvc.Infrastructure.ResourceInvoker.<InvokeFilterPipelineAsync>g__Awaited|19_0(ResourceInvoker invoker, Task lastTask, State next, Scope scope, Object state, Boolean isCompleted)
   at Microsoft.AspNetCore.Mvc.Infrastructure.ResourceInvoker.<InvokeAsync>g__Awaited|17_0(ResourceInvoker invoker, Task task, IDisposable scope)
   at Microsoft.AspNetCore.Routing.EndpointMiddleware.<Invoke>g__AwaitRequestTask|6_0(Endpoint endpoint, Task requestTask, ILogger logger)
   at Microsoft.AspNetCore.Authorization.AuthorizationMiddleware.Invoke(HttpContext context)
   at Swashbuckle.AspNetCore.SwaggerUI.SwaggerUIMiddleware.Invoke(HttpContext httpContext)
   at Swashbuckle.AspNetCore.Swagger.SwaggerMiddleware.Invoke(HttpContext httpContext, ISwaggerProvider swaggerProvider)
   at Microsoft.AspNetCore.Diagnostics.DeveloperExceptionPageMiddleware.Invoke(HttpContext context)|url: https://localhost/api/Reimbursement|action: GetReimbursment
2021-10-07 15:04:00.9795||INFO|Microsoft.Hosting.Lifetime|Application started. Press Ctrl+C to shut down. |url: |action: 
2021-10-07 15:04:00.9992||INFO|Microsoft.Hosting.Lifetime|Hosting environment: Development |url: |action: 
2021-10-07 15:04:01.0134||INFO|Microsoft.Hosting.Lifetime|Content root path: D:\git\Kroger\STTechExcercise\STTechExcercise |url: |action: 
2021-10-07 15:04:18.3189|1|ERROR|Microsoft.AspNetCore.Diagnostics.DeveloperExceptionPageMiddleware|An unhandled exception has occurred while executing the request. System.InvalidOperationException: Unable to resolve service for type 'STTechExcercise.Services.ProjectReimbursementService' while attempting to activate 'STTechExcercise.Controllers.ReimbursementController'.
   at Microsoft.Extensions.DependencyInjection.ActivatorUtilities.GetService(IServiceProvider sp, Type type, Type requiredBy, Boolean isDefaultParameterRequired)
   at lambda_method(Closure , IServiceProvider , Object[] )
   at Microsoft.AspNetCore.Mvc.Controllers.ControllerActivatorProvider.<>c__DisplayClass4_0.<CreateActivator>b__0(ControllerContext controllerContext)
   at Microsoft.AspNetCore.Mvc.Controllers.ControllerFactoryProvider.<>c__DisplayClass5_0.<CreateControllerFactory>g__CreateController|0(ControllerContext controllerContext)
   at Microsoft.AspNetCore.Mvc.Infrastructure.ControllerActionInvoker.Next(State& next, Scope& scope, Object& state, Boolean& isCompleted)
   at Microsoft.AspNetCore.Mvc.Infrastructure.ControllerActionInvoker.InvokeInnerFilterAsync()
--- End of stack trace from previous location where exception was thrown ---
   at Microsoft.AspNetCore.Mvc.Infrastructure.ResourceInvoker.<InvokeFilterPipelineAsync>g__Awaited|19_0(ResourceInvoker invoker, Task lastTask, State next, Scope scope, Object state, Boolean isCompleted)
   at Microsoft.AspNetCore.Mvc.Infrastructure.ResourceInvoker.<InvokeAsync>g__Awaited|17_0(ResourceInvoker invoker, Task task, IDisposable scope)
   at Microsoft.AspNetCore.Routing.EndpointMiddleware.<Invoke>g__AwaitRequestTask|6_0(Endpoint endpoint, Task requestTask, ILogger logger)
   at Microsoft.AspNetCore.Authorization.AuthorizationMiddleware.Invoke(HttpContext context)
   at Swashbuckle.AspNetCore.SwaggerUI.SwaggerUIMiddleware.Invoke(HttpContext httpContext)
   at Swashbuckle.AspNetCore.Swagger.SwaggerMiddleware.Invoke(HttpContext httpContext, ISwaggerProvider swaggerProvider)
   at Microsoft.AspNetCore.Diagnostics.DeveloperExceptionPageMiddleware.Invoke(HttpContext context)|url: https://localhost/api/Reimbursement|action: GetReimbursment
2021-10-07 15:05:00.9926||INFO|Microsoft.Hosting.Lifetime|Application started. Press Ctrl+C to shut down. |url: |action: 
2021-10-07 15:05:01.0085||INFO|Microsoft.Hosting.Lifetime|Hosting environment: Development |url: |action: 
2021-10-07 15:05:01.0085||INFO|Microsoft.Hosting.Lifetime|Content root path: D:\git\Kroger\STTechExcercise\STTechExcercise |url: |action: 
2021-10-07 15:05:24.2858||INFO|Microsoft.Hosting.Lifetime|Application started. Press Ctrl+C to shut down. |url: |action: 
2021-10-07 15:05:24.2972||INFO|Microsoft.Hosting.Lifetime|Hosting environment: Development |url: |action: 
2021-10-07 15:05:24.3032||INFO|Microsoft.Hosting.Lifetime|Content root path: D:\git\Kroger\STTechExcercise\STTechExcercise |url: |action: 
2021-10-07 15:05:52.7894||INFO|Microsoft.Hosting.Lifetime|Application started. Press Ctrl+C to shut down. |url: |action: 
2021-10-07 15:05:52.7894||INFO|Microsoft.Hosting.Lifetime|Hosting environment: Development |url: |action: 
2021-10-07 15:05:52.8092||INFO|Microsoft.Hosting.Lifetime|Content root path: D:\git\Kroger\STTechExcercise\STTechExcercise |url: |action: 
2021-10-07 15:12:12.1361||INFO|Microsoft.Hosting.Lifetime|Application started. Press Ctrl+C to shut down. |url: |action: 
2021-10-07 15:12:12.1536||INFO|Microsoft.Hosting.Lifetime|Hosting environment: Development |url: |action: 
2021-10-07 15:12:12.1536||INFO|Microsoft.Hosting.Lifetime|Content root path: D:\git\Kroger\STTechExcercise\STTechExcercise |url: |action: 
2021-10-07 15:34:53.9661||INFO|Microsoft.Hosting.Lifetime|Application started. Press Ctrl+C to shut down. |url: |action: 
2021-10-07 15:34:53.9795||INFO|Microsoft.Hosting.Lifetime|Hosting environment: Development |url: |action: 
2021-10-07 15:34:53.9795||INFO|Microsoft.Hosting.Lifetime|Content root path: D:\git\Kroger\STTechExcercise\STTechExcercise |url: |action: 
2021-10-07 15:36:37.9935||INFO|Microsoft.Hosting.Lifetime|Application started. Press Ctrl+C to shut down. |url: |action: 
2021-10-07 15:36:38.0063||INFO|Microsoft.Hosting.Lifetime|Hosting environment: Development |url: |action: 
2021-10-07 15:36:38.0063||INFO|Microsoft.Hosting.Lifetime|Content root path: D:\git\Kroger\STTechExcercise\STTechExcercise |url: |action: 
2021-10-07 15:59:47.4583||INFO|Microsoft.Hosting.Lifetime|Application started. Press Ctrl+C to shut down. |url: |action: 
2021-10-07 15:59:47.4808||INFO|Microsoft.Hosting.Lifetime|Hosting environment: Development |url: |action: 
2021-10-07 15:59:47.4808||INFO|Microsoft.Hosting.Lifetime|Content root path: D:\git\Kroger\STTechExcercise\STTechExcercise |url: |action: 
2021-10-07 16:00:57.5913||INFO|Microsoft.Hosting.Lifetime|Application started. Press Ctrl+C to shut down. |url: |action: 
2021-10-07 16:00:57.6044||INFO|Microsoft.Hosting.Lifetime|Hosting environment: Development |url: |action: 
2021-10-07 16:00:57.6044||INFO|Microsoft.Hosting.Lifetime|Content root path: D:\git\Kroger\STTechExcercise\STTechExcercise |url: |action: 
2021-10-07 16:06:04.7841||INFO|Microsoft.Hosting.Lifetime|Application started. Press Ctrl+C to shut down. |url: |action: 
2021-10-07 16:06:04.7959||INFO|Microsoft.Hosting.Lifetime|Hosting environment: Development |url: |action: 
2021-10-07 16:06:04.8042||INFO|Microsoft.Hosting.Lifetime|Content root path: D:\git\Kroger\STTechExcercise\STTechExcercise |url: |action: 
2021-10-07 16:07:32.8210||INFO|Microsoft.Hosting.Lifetime|Application started. Press Ctrl+C to shut down. |url: |action: 
2021-10-07 16:07:32.8401||INFO|Microsoft.Hosting.Lifetime|Hosting environment: Development |url: |action: 
2021-10-07 16:07:32.8401||INFO|Microsoft.Hosting.Lifetime|Content root path: D:\git\Kroger\STTechExcercise\STTechExcercise |url: |action: 
2021-10-07 16:09:34.8297||INFO|Microsoft.Hosting.Lifetime|Application started. Press Ctrl+C to shut down. |url: |action: 
2021-10-07 16:09:34.8484||INFO|Microsoft.Hosting.Lifetime|Hosting environment: Development |url: |action: 
2021-10-07 16:09:34.8546||INFO|Microsoft.Hosting.Lifetime|Content root path: D:\git\Kroger\STTechExcercise\STTechExcercise |url: |action: 
2021-10-07 16:12:17.8070||INFO|Microsoft.Hosting.Lifetime|Application started. Press Ctrl+C to shut down. |url: |action: 
2021-10-07 16:12:17.8198||INFO|Microsoft.Hosting.Lifetime|Hosting environment: Development |url: |action: 
2021-10-07 16:12:17.8198||INFO|Microsoft.Hosting.Lifetime|Content root path: D:\git\Kroger\STTechExcercise\STTechExcercise |url: |action: 
2021-10-07 16:15:57.4712||INFO|Microsoft.Hosting.Lifetime|Application started. Press Ctrl+C to shut down. |url: |action: 
2021-10-07 16:15:57.4846||INFO|Microsoft.Hosting.Lifetime|Hosting environment: Development |url: |action: 
2021-10-07 16:15:57.4962||INFO|Microsoft.Hosting.Lifetime|Content root path: D:\git\Kroger\STTechExcercise\STTechExcercise |url: |action: 
2021-10-07 16:17:19.8504||INFO|Microsoft.Hosting.Lifetime|Application started. Press Ctrl+C to shut down. |url: |action: 
2021-10-07 16:17:19.8504||INFO|Microsoft.Hosting.Lifetime|Hosting environment: Development |url: |action: 
2021-10-07 16:17:19.8700||INFO|Microsoft.Hosting.Lifetime|Content root path: D:\git\Kroger\STTechExcercise\STTechExcercise |url: |action: 
2021-10-07 16:23:17.9734||INFO|Microsoft.Hosting.Lifetime|Application started. Press Ctrl+C to shut down. |url: |action: 
2021-10-07 16:23:17.9935||INFO|Microsoft.Hosting.Lifetime|Hosting environment: Development |url: |action: 
2021-10-07 16:23:17.9935||INFO|Microsoft.Hosting.Lifetime|Content root path: D:\git\Kroger\STTechExcercise\STTechExcercise |url: |action: 
2021-10-07 16:24:00.0844||INFO|Microsoft.Hosting.Lifetime|Application started. Press Ctrl+C to shut down. |url: |action: 
2021-10-07 16:24:00.0844||INFO|Microsoft.Hosting.Lifetime|Hosting environment: Development |url: |action: 
2021-10-07 16:24:00.1089||INFO|Microsoft.Hosting.Lifetime|Content root path: D:\git\Kroger\STTechExcercise\STTechExcercise |url: |action: 
2021-10-07 16:45:59.2493||INFO|Microsoft.Hosting.Lifetime|Application started. Press Ctrl+C to shut down. |url: |action: 
2021-10-07 16:45:59.2661||INFO|Microsoft.Hosting.Lifetime|Hosting environment: Development |url: |action: 
2021-10-07 16:45:59.2765||INFO|Microsoft.Hosting.Lifetime|Content root path: D:\git\Kroger\STTechExcercise\STTechExcercise |url: |action: 
